[debug] [2019-08-16T18:27:23.096Z] ----------------------------------------------------------------------
[debug] [2019-08-16T18:27:23.098Z] Command:       C:\Program Files\nodejs\node.exe C:\Users\Ale\AppData\Roaming\npm\node_modules\firebase-tools\lib\bin\firebase.js serve
[debug] [2019-08-16T18:27:23.099Z] CLI Version:   7.2.2
[debug] [2019-08-16T18:27:23.099Z] Platform:      win32
[debug] [2019-08-16T18:27:23.099Z] Node Version:  v10.15.3
[debug] [2019-08-16T18:27:23.100Z] Time:          Fri Aug 16 2019 15:27:23 GMT-0300 (GMT-03:00)
[debug] [2019-08-16T18:27:23.100Z] ----------------------------------------------------------------------
[debug] 
[debug] [2019-08-16T18:27:23.107Z] > command requires scopes: ["email","openid","https://www.googleapis.com/auth/cloudplatformprojects.readonly","https://www.googleapis.com/auth/firebase","https://www.googleapis.com/auth/cloud-platform"]
[debug] [2019-08-16T18:27:23.108Z] > authorizing via signed-in user
[debug] [2019-08-16T18:27:23.108Z] [iam] checking project alejandra-silva for permissions ["firebase.projects.get"]
[debug] [2019-08-16T18:27:23.109Z] >>> HTTP REQUEST POST https://cloudresourcemanager.googleapis.com/v1/projects/alejandra-silva:testIamPermissions  

[debug] [2019-08-16T18:27:24.140Z] <<< HTTP RESPONSE 200
[debug] [2019-08-16T18:27:24.141Z] >>> HTTP REQUEST GET https://firebase.googleapis.com/v1beta1/projects/alejandra-silva  
 
[debug] [2019-08-16T18:27:25.239Z] <<< HTTP RESPONSE 200
[info] 
[info] === Serving from 'C:\Users\Ale\Desktop\Proyectos Laboratoria\Portafolio\Portafolio\alelulu'...
[info] 
[debug] [2019-08-16T18:27:25.251Z] >>> HTTP REQUEST GET https://firebase.googleapis.com/v1beta1/projects/alejandra-silva/webApps/-/config  
 
[debug] [2019-08-16T18:27:26.407Z] <<< HTTP RESPONSE 200
[info] i  hosting: Serving hosting files from: build
[info] +  hosting: Local server: http://localhost:5000
